[  2913.612] 
X.Org X Server 1.19.6
Release Date: 2017-12-20
[  2913.615] X Protocol Version 11, Revision 0
[  2913.615] Build Operating System: Linux 4.14.12-1-ARCH x86_64 
[  2913.616] Current Operating System: Linux NV56R11m 4.15.14-1-zen #1 ZEN SMP PREEMPT Wed Mar 28 17:43:56 UTC 2018 x86_64
[  2913.616] Kernel command line: BOOT_IMAGE=/vmlinuz-linux-zen root=UUID=48bab69a-0abb-4b3e-98d4-f73ac387ab81 rw quiet
[  2913.618] Build Date: 26 January 2018  10:25:18AM
[  2913.618]  
[  2913.619] Current version of pixman: 0.34.0
[  2913.620] 	Before reporting problems, check http://wiki.x.org
	to make sure that you have the latest version.
[  2913.620] Markers: (--) probed, (**) from config file, (==) default setting,
	(++) from command line, (!!) notice, (II) informational,
	(WW) warning, (EE) error, (NI) not implemented, (??) unknown.
[  2913.627] (==) Log file: "/home/blackblex/.local/share/xorg/Xorg.0.log", Time: Sat Mar 31 19:24:50 2018
[  2913.628] (==) Using config directory: "/etc/X11/xorg.conf.d"
[  2913.629] (==) Using system config directory "/usr/share/X11/xorg.conf.d"
[  2913.629] (==) No Layout section.  Using the first Screen section.
[  2913.629] (==) No screen section available. Using defaults.
[  2913.629] (**) |-->Screen "Default Screen Section" (0)
[  2913.629] (**) |   |-->Monitor "<default monitor>"
[  2913.629] (==) No monitor specified for screen "Default Screen Section".
	Using a default monitor configuration.
[  2913.629] (==) Automatically adding devices
[  2913.629] (==) Automatically enabling devices
[  2913.629] (==) Automatically adding GPU devices
[  2913.629] (==) Automatically binding GPU devices
[  2913.629] (==) Max clients allowed: 256, resource mask: 0x1fffff
[  2913.629] (WW) `fonts.dir' not found (or not valid) in "/usr/share/fonts/misc/".
[  2913.629] 	Entry deleted from font path.
[  2913.629] 	(Run 'mkfontdir' on "/usr/share/fonts/misc/").
[  2913.629] (WW) The directory "/usr/share/fonts/TTF/" does not exist.
[  2913.629] 	Entry deleted from font path.
[  2913.629] (WW) The directory "/usr/share/fonts/OTF/" does not exist.
[  2913.629] 	Entry deleted from font path.
[  2913.629] (WW) The directory "/usr/share/fonts/Type1/" does not exist.
[  2913.629] 	Entry deleted from font path.
[  2913.629] (==) FontPath set to:
	/usr/share/fonts/100dpi/,
	/usr/share/fonts/75dpi/
[  2913.629] (==) ModulePath set to "/usr/lib/xorg/modules"
[  2913.629] (II) The server relies on udev to provide the list of input devices.
	If no devices become available, reconfigure udev or disable AutoAddDevices.
[  2913.629] (II) Loader magic: 0x562ba0871d60
[  2913.629] (II) Module ABI versions:
[  2913.630] 	X.Org ANSI C Emulation: 0.4
[  2913.630] 	X.Org Video Driver: 23.0
[  2913.630] 	X.Org XInput driver : 24.1
[  2913.630] 	X.Org Server Extension : 10.0
[  2913.630] (++) using VT number 1

[  2913.632] (II) systemd-logind: took control of session /org/freedesktop/login1/session/c1
[  2913.633] (II) xfree86: Adding drm device (/dev/dri/card0)
[  2913.634] (II) systemd-logind: got fd for /dev/dri/card0 226:0 fd 11 paused 0
[  2913.637] (--) PCI:*(0:0:2:0) 8086:0166:1025:064b rev 9, Mem @ 0xc0000000/4194304, 0xb0000000/268435456, I/O @ 0x00002000/64, BIOS @ 0x????????/131072
[  2913.637] (WW) Open ACPI failed (/var/run/acpid.socket) (No such file or directory)
[  2913.637] (II) LoadModule: "glx"
[  2913.637] (II) Loading /usr/lib/xorg/modules/extensions/libglx.so
[  2913.639] (II) Module glx: vendor="X.Org Foundation"
[  2913.639] 	compiled for 1.19.6, module version = 1.0.0
[  2913.639] 	ABI class: X.Org Server Extension, version 10.0
[  2913.639] (==) Matched intel as autoconfigured driver 0
[  2913.639] (==) Matched intel as autoconfigured driver 1
[  2913.639] (==) Matched modesetting as autoconfigured driver 2
[  2913.639] (==) Matched fbdev as autoconfigured driver 3
[  2913.639] (==) Matched vesa as autoconfigured driver 4
[  2913.639] (==) Assigned the driver to the xf86ConfigLayout
[  2913.639] (II) LoadModule: "intel"
[  2913.640] (WW) Warning, couldn't open module intel
[  2913.640] (II) UnloadModule: "intel"
[  2913.640] (II) Unloading intel
[  2913.640] (EE) Failed to load module "intel" (module does not exist, 0)
[  2913.640] (II) LoadModule: "modesetting"
[  2913.640] (II) Loading /usr/lib/xorg/modules/drivers/modesetting_drv.so
[  2913.640] (II) Module modesetting: vendor="X.Org Foundation"
[  2913.640] 	compiled for 1.19.6, module version = 1.19.6
[  2913.640] 	Module class: X.Org Video Driver
[  2913.640] 	ABI class: X.Org Video Driver, version 23.0
[  2913.640] (II) LoadModule: "fbdev"
[  2913.640] (WW) Warning, couldn't open module fbdev
[  2913.640] (II) UnloadModule: "fbdev"
[  2913.640] (II) Unloading fbdev
[  2913.640] (EE) Failed to load module "fbdev" (module does not exist, 0)
[  2913.640] (II) LoadModule: "vesa"
[  2913.640] (II) Loading /usr/lib/xorg/modules/drivers/vesa_drv.so
[  2913.640] (II) Module vesa: vendor="X.Org Foundation"
[  2913.640] 	compiled for 1.19.6, module version = 2.4.0
[  2913.640] 	Module class: X.Org Video Driver
[  2913.640] 	ABI class: X.Org Video Driver, version 23.0
[  2913.640] (II) modesetting: Driver for Modesetting Kernel Drivers: kms
[  2913.640] (II) VESA: driver for VESA chipsets: vesa
[  2913.641] xf86EnableIOPorts: failed to set IOPL for I/O (Operation not permitted)
[  2913.641] (II) modeset(0): using drv /dev/dri/card0
[  2913.641] (WW) VGA arbiter: cannot open kernel arbiter, no multi-card support
[  2913.641] (II) modeset(0): Creating default Display subsection in Screen section
	"Default Screen Section" for depth/fbbpp 24/32
[  2913.641] (==) modeset(0): Depth 24, (==) framebuffer bpp 32
[  2913.641] (==) modeset(0): RGB weight 888
[  2913.641] (==) modeset(0): Default visual is TrueColor
[  2913.641] (II) Loading sub module "glamoregl"
[  2913.641] (II) LoadModule: "glamoregl"
[  2913.641] (II) Loading /usr/lib/xorg/modules/libglamoregl.so
[  2913.642] (II) Module glamoregl: vendor="X.Org Foundation"
[  2913.642] 	compiled for 1.19.6, module version = 1.0.0
[  2913.642] 	ABI class: X.Org ANSI C Emulation, version 0.4
[  2913.642] (II) glamor: OpenGL accelerated X.org driver based.
[  2913.659] (II) glamor: EGL version 1.4 (DRI2):
[  2913.663] (II) modeset(0): glamor initialized
[  2913.663] (II) modeset(0): Output LVDS-1 has no monitor section
[  2913.668] (II) modeset(0): Output VGA-1 has no monitor section
[  2913.678] (II) modeset(0): Output HDMI-1 has no monitor section
[  2913.678] (II) modeset(0): Output DP-1 has no monitor section
[  2913.678] (II) modeset(0): EDID for output LVDS-1
[  2913.678] (II) modeset(0): Manufacturer: AUO  Model: 26ec  Serial#: 0
[  2913.678] (II) modeset(0): Year: 2009  Week: 1
[  2913.678] (II) modeset(0): EDID Version: 1.3
[  2913.678] (II) modeset(0): Digital Display Input
[  2913.678] (II) modeset(0): Max Image Size [cm]: horiz.: 34  vert.: 19
[  2913.678] (II) modeset(0): Gamma: 2.20
[  2913.678] (II) modeset(0): No DPMS capabilities specified
[  2913.678] (II) modeset(0): Supported color encodings: RGB 4:4:4 YCrCb 4:4:4 
[  2913.678] (II) modeset(0): First detailed timing is preferred mode
[  2913.678] (II) modeset(0): redX: 0.577 redY: 0.333   greenX: 0.333 greenY: 0.554
[  2913.678] (II) modeset(0): blueX: 0.161 blueY: 0.144   whiteX: 0.313 whiteY: 0.329
[  2913.678] (II) modeset(0): Manufacturer's mask: 0
[  2913.678] (II) modeset(0): Supported detailed timing:
[  2913.678] (II) modeset(0): clock: 71.8 MHz   Image Size:  344 x 193 mm
[  2913.678] (II) modeset(0): h_active: 1366  h_sync: 1414  h_sync_end 1446 h_blank_end 1526 h_border: 0
[  2913.678] (II) modeset(0): v_active: 768  v_sync: 771  v_sync_end 777 v_blanking: 784 v_border: 0
[  2913.679] (II) modeset(0): Unknown vendor-specific block f
[  2913.679] (II) modeset(0):  AUO
[  2913.679] (II) modeset(0):  B156XW02 V6
[  2913.679] (II) modeset(0): EDID (in hex):
[  2913.679] (II) modeset(0): 	00ffffffffffff0006afec2600000000
[  2913.679] (II) modeset(0): 	01130103802213780ad7759355558d29
[  2913.679] (II) modeset(0): 	24505400000001010101010101010101
[  2913.679] (II) modeset(0): 	0101010101010c1c56a0500010303020
[  2913.679] (II) modeset(0): 	360058c1100000180000000f00000000
[  2913.679] (II) modeset(0): 	00000000000000000020000000fe0041
[  2913.679] (II) modeset(0): 	554f0a202020202020202020000000fe
[  2913.679] (II) modeset(0): 	004231353658573032205636200a0065
[  2913.679] (II) modeset(0): Printing probed modes for output LVDS-1
[  2913.679] (II) modeset(0): Modeline "1366x768"x60.0   71.80  1366 1414 1446 1526  768 771 777 784 -hsync -vsync (47.1 kHz eP)
[  2913.679] (II) modeset(0): Modeline "1280x720"x120.0  156.12  1280 1376 1512 1744  720 721 724 746 doublescan -hsync +vsync (89.5 kHz d)
[  2913.679] (II) modeset(0): Modeline "1280x720"x120.0  120.75  1280 1304 1320 1360  720 721 724 740 doublescan +hsync -vsync (88.8 kHz d)
[  2913.679] (II) modeset(0): Modeline "1280x720"x59.9   74.50  1280 1344 1472 1664  720 723 728 748 -hsync +vsync (44.8 kHz d)
[  2913.679] (II) modeset(0): Modeline "1280x720"x59.7   63.75  1280 1328 1360 1440  720 723 728 741 +hsync -vsync (44.3 kHz d)
[  2913.679] (II) modeset(0): Modeline "1024x768"x120.1  133.47  1024 1100 1212 1400  768 768 770 794 doublescan -hsync +vsync (95.3 kHz d)
[  2913.679] (II) modeset(0): Modeline "1024x768"x60.0   65.00  1024 1048 1184 1344  768 771 777 806 -hsync -vsync (48.4 kHz d)
[  2913.679] (II) modeset(0): Modeline "960x720"x120.0  117.00  960 1024 1128 1300  720 720 722 750 doublescan -hsync +vsync (90.0 kHz d)
[  2913.679] (II) modeset(0): Modeline "928x696"x120.1  109.15  928 976 1088 1264  696 696 698 719 doublescan -hsync +vsync (86.4 kHz d)
[  2913.679] (II) modeset(0): Modeline "896x672"x120.0  102.40  896 960 1060 1224  672 672 674 697 doublescan -hsync +vsync (83.7 kHz d)
[  2913.679] (II) modeset(0): Modeline "1024x576"x119.9   98.50  1024 1092 1200 1376  576 577 580 597 doublescan -hsync +vsync (71.6 kHz d)
[  2913.679] (II) modeset(0): Modeline "1024x576"x119.9   78.38  1024 1048 1064 1104  576 577 580 592 doublescan +hsync -vsync (71.0 kHz d)
[  2913.679] (II) modeset(0): Modeline "1024x576"x59.9   46.50  1024 1064 1160 1296  576 579 584 599 -hsync +vsync (35.9 kHz d)
[  2913.679] (II) modeset(0): Modeline "1024x576"x59.8   42.00  1024 1072 1104 1184  576 579 584 593 +hsync -vsync (35.5 kHz d)
[  2913.679] (II) modeset(0): Modeline "960x600"x119.9   96.62  960 1028 1128 1296  600 601 604 622 doublescan -hsync +vsync (74.6 kHz d)
[  2913.679] (II) modeset(0): Modeline "960x600"x120.0   77.00  960 984 1000 1040  600 601 604 617 doublescan +hsync -vsync (74.0 kHz d)
[  2913.679] (II) modeset(0): Modeline "960x540"x119.9   86.50  960 1024 1124 1288  540 541 544 560 doublescan -hsync +vsync (67.2 kHz d)
[  2913.679] (II) modeset(0): Modeline "960x540"x120.0   69.25  960 984 1000 1040  540 541 544 555 doublescan +hsync -vsync (66.6 kHz d)
[  2913.679] (II) modeset(0): Modeline "960x540"x59.6   40.75  960 992 1088 1216  540 543 548 562 -hsync +vsync (33.5 kHz d)
[  2913.680] (II) modeset(0): Modeline "960x540"x59.8   37.25  960 1008 1040 1120  540 543 548 556 +hsync -vsync (33.3 kHz d)
[  2913.680] (II) modeset(0): Modeline "800x600"x120.0   81.00  800 832 928 1080  600 600 602 625 doublescan +hsync +vsync (75.0 kHz d)
[  2913.680] (II) modeset(0): Modeline "800x600"x60.3   40.00  800 840 968 1056  600 601 605 628 +hsync +vsync (37.9 kHz d)
[  2913.680] (II) modeset(0): Modeline "800x600"x56.2   36.00  800 824 896 1024  600 601 603 625 +hsync +vsync (35.2 kHz d)
[  2913.680] (II) modeset(0): Modeline "840x525"x120.0   73.12  840 892 980 1120  525 526 529 544 doublescan -hsync +vsync (65.3 kHz d)
[  2913.680] (II) modeset(0): Modeline "840x525"x119.8   59.50  840 864 880 920  525 526 529 540 doublescan +hsync -vsync (64.7 kHz d)
[  2913.680] (II) modeset(0): Modeline "864x486"x59.9   32.50  864 888 968 1072  486 489 494 506 -hsync +vsync (30.3 kHz d)
[  2913.680] (II) modeset(0): Modeline "864x486"x59.6   30.50  864 912 944 1024  486 489 494 500 +hsync -vsync (29.8 kHz d)
[  2913.680] (II) modeset(0): Modeline "700x525"x120.0   61.00  700 744 820 940  525 526 532 541 doublescan +hsync +vsync (64.9 kHz d)
[  2913.680] (II) modeset(0): Modeline "800x450"x119.9   59.12  800 848 928 1056  450 451 454 467 doublescan -hsync +vsync (56.0 kHz d)
[  2913.680] (II) modeset(0): Modeline "800x450"x119.6   48.75  800 824 840 880  450 451 454 463 doublescan +hsync -vsync (55.4 kHz d)
[  2913.680] (II) modeset(0): Modeline "640x512"x120.0   54.00  640 664 720 844  512 512 514 533 doublescan +hsync +vsync (64.0 kHz d)
[  2913.680] (II) modeset(0): Modeline "700x450"x119.9   51.75  700 740 812 924  450 451 456 467 doublescan -hsync +vsync (56.0 kHz d)
[  2913.680] (II) modeset(0): Modeline "700x450"x119.8   43.25  700 724 740 780  450 451 456 463 doublescan +hsync -vsync (55.4 kHz d)
[  2913.680] (II) modeset(0): Modeline "640x480"x120.0   54.00  640 688 744 900  480 480 482 500 doublescan +hsync +vsync (60.0 kHz d)
[  2913.680] (II) modeset(0): Modeline "640x480"x59.9   25.18  640 656 752 800  480 490 492 525 -hsync -vsync (31.5 kHz d)
[  2913.680] (II) modeset(0): Modeline "720x405"x59.5   22.50  720 744 808 896  405 408 413 422 -hsync +vsync (25.1 kHz d)
[  2913.680] (II) modeset(0): Modeline "720x405"x59.0   21.75  720 768 800 880  405 408 413 419 +hsync -vsync (24.7 kHz d)
[  2913.680] (II) modeset(0): Modeline "684x384"x119.8   42.62  684 720 788 892  384 385 390 399 doublescan -hsync +vsync (47.8 kHz d)
[  2913.680] (II) modeset(0): Modeline "684x384"x119.7   36.12  684 708 724 764  384 385 390 395 doublescan +hsync -vsync (47.3 kHz d)
[  2913.680] (II) modeset(0): Modeline "640x400"x119.8   41.75  640 676 740 840  400 401 404 415 doublescan -hsync +vsync (49.7 kHz d)
[  2913.680] (II) modeset(0): Modeline "640x400"x120.0   35.50  640 664 680 720  400 401 404 411 doublescan +hsync -vsync (49.3 kHz d)
[  2913.680] (II) modeset(0): Modeline "640x360"x119.7   37.25  640 672 736 832  360 361 364 374 doublescan -hsync +vsync (44.8 kHz d)
[  2913.680] (II) modeset(0): Modeline "640x360"x119.7   31.88  640 664 680 720  360 361 364 370 doublescan +hsync -vsync (44.3 kHz d)
[  2913.680] (II) modeset(0): Modeline "640x360"x59.8   18.00  640 664 720 800  360 363 368 376 -hsync +vsync (22.5 kHz d)
[  2913.680] (II) modeset(0): Modeline "640x360"x59.3   17.75  640 688 720 800  360 363 368 374 +hsync -vsync (22.2 kHz d)
[  2913.680] (II) modeset(0): Modeline "512x384"x120.0   32.50  512 524 592 672  384 385 388 403 doublescan -hsync -vsync (48.4 kHz d)
[  2913.680] (II) modeset(0): Modeline "512x288"x120.0   23.25  512 532 580 648  288 289 292 299 doublescan -hsync +vsync (35.9 kHz d)
[  2913.680] (II) modeset(0): Modeline "512x288"x119.8   21.00  512 536 552 592  288 289 292 296 doublescan +hsync -vsync (35.5 kHz d)
[  2913.680] (II) modeset(0): Modeline "480x270"x119.3   20.38  480 496 544 608  270 271 274 281 doublescan -hsync +vsync (33.5 kHz d)
[  2913.680] (II) modeset(0): Modeline "480x270"x119.6   18.62  480 504 520 560  270 271 274 278 doublescan +hsync -vsync (33.3 kHz d)
[  2913.680] (II) modeset(0): Modeline "400x300"x120.6   20.00  400 420 484 528  300 300 302 314 doublescan +hsync +vsync (37.9 kHz d)
[  2913.680] (II) modeset(0): Modeline "400x300"x112.7   18.00  400 412 448 512  300 300 301 312 doublescan +hsync +vsync (35.2 kHz d)
[  2913.680] (II) modeset(0): Modeline "432x243"x119.8   16.25  432 444 484 536  243 244 247 253 doublescan -hsync +vsync (30.3 kHz d)
[  2913.680] (II) modeset(0): Modeline "432x243"x119.1   15.25  432 456 472 512  243 244 247 250 doublescan +hsync -vsync (29.8 kHz d)
[  2913.680] (II) modeset(0): Modeline "320x240"x120.1   12.59  320 328 376 400  240 245 246 262 doublescan -hsync -vsync (31.5 kHz d)
[  2913.680] (II) modeset(0): Modeline "360x202"x119.0   11.25  360 372 404 448  202 204 206 211 doublescan -hsync +vsync (25.1 kHz d)
[  2913.680] (II) modeset(0): Modeline "360x202"x118.3   10.88  360 384 400 440  202 204 206 209 doublescan +hsync -vsync (24.7 kHz d)
[  2913.680] (II) modeset(0): Modeline "320x180"x119.7    9.00  320 332 360 400  180 181 184 188 doublescan -hsync +vsync (22.5 kHz d)
[  2913.680] (II) modeset(0): Modeline "320x180"x118.6    8.88  320 344 360 400  180 181 184 187 doublescan +hsync -vsync (22.2 kHz d)
[  2913.685] (II) modeset(0): EDID for output VGA-1
[  2913.695] (II) modeset(0): EDID for output HDMI-1
[  2913.695] (II) modeset(0): EDID for output DP-1
[  2913.695] (II) modeset(0): Output LVDS-1 connected
[  2913.695] (II) modeset(0): Output VGA-1 disconnected
[  2913.695] (II) modeset(0): Output HDMI-1 disconnected
[  2913.695] (II) modeset(0): Output DP-1 disconnected
[  2913.695] (II) modeset(0): Using exact sizes for initial modes
[  2913.695] (II) modeset(0): Output LVDS-1 using initial mode 1366x768 +0+0
[  2913.695] (==) modeset(0): Using gamma correction (1.0, 1.0, 1.0)
[  2913.695] (==) modeset(0): DPI set to (96, 96)
[  2913.695] (II) Loading sub module "fb"
[  2913.695] (II) LoadModule: "fb"
[  2913.695] (II) Loading /usr/lib/xorg/modules/libfb.so
[  2913.696] (II) Module fb: vendor="X.Org Foundation"
[  2913.696] 	compiled for 1.19.6, module version = 1.0.0
[  2913.696] 	ABI class: X.Org ANSI C Emulation, version 0.4
[  2913.696] (II) UnloadModule: "vesa"
[  2913.696] (II) Unloading vesa
[  2913.696] (==) Depth 24 pixmap format is 32 bpp
[  2913.775] (==) modeset(0): Backing store enabled
[  2913.775] (==) modeset(0): Silken mouse enabled
[  2913.775] (II) modeset(0): RandR 1.2 enabled, ignore the following RandR disabled message.
[  2913.805] (==) modeset(0): DPMS enabled
[  2913.805] (II) modeset(0): [DRI2] Setup complete
[  2913.805] (II) modeset(0): [DRI2]   DRI driver: i965
[  2913.805] (II) modeset(0): [DRI2]   VDPAU driver: i965
[  2913.805] (--) RandR disabled
[  2913.816] (II) AIGLX: enabled GLX_MESA_copy_sub_buffer
[  2913.816] (II) AIGLX: enabled GLX_ARB_create_context
[  2913.816] (II) AIGLX: enabled GLX_ARB_create_context_profile
[  2913.816] (II) AIGLX: enabled GLX_EXT_create_context_es{,2}_profile
[  2913.816] (II) AIGLX: enabled GLX_INTEL_swap_event
[  2913.816] (II) AIGLX: enabled GLX_SGI_swap_control
[  2913.816] (II) AIGLX: enabled GLX_EXT_framebuffer_sRGB
[  2913.816] (II) AIGLX: enabled GLX_ARB_fbconfig_float
[  2913.816] (II) AIGLX: enabled GLX_EXT_fbconfig_packed_float
[  2913.816] (II) AIGLX: GLX_EXT_texture_from_pixmap backed by buffer objects
[  2913.816] (II) AIGLX: enabled GLX_ARB_create_context_robustness
[  2913.816] (II) AIGLX: Loaded and initialized i965
[  2913.816] (II) GLX: Initialized DRI2 GL provider for screen 0
[  2913.818] (II) modeset(0): Damage tracking initialized
[  2913.818] (II) modeset(0): Setting screen physical size to 361 x 203
[  2913.903] (II) config/udev: Adding input device Power Button (/dev/input/event3)
[  2913.903] (**) Power Button: Applying InputClass "libinput keyboard catchall"
[  2913.903] (**) Power Button: Applying InputClass "system-keyboard"
[  2913.903] (II) LoadModule: "libinput"
[  2913.904] (II) Loading /usr/lib/xorg/modules/input/libinput_drv.so
[  2913.906] (II) Module libinput: vendor="X.Org Foundation"
[  2913.906] 	compiled for 1.19.6, module version = 0.27.0
[  2913.906] 	Module class: X.Org XInput Driver
[  2913.906] 	ABI class: X.Org XInput driver, version 24.1
[  2913.906] (II) Using input driver 'libinput' for 'Power Button'
[  2913.907] (II) systemd-logind: got fd for /dev/input/event3 13:67 fd 20 paused 0
[  2913.907] (**) Power Button: always reports core events
[  2913.907] (**) Option "Device" "/dev/input/event3"
[  2913.907] (**) Option "_source" "server/udev"
[  2913.907] (II) event3  - Power Button: is tagged by udev as: Keyboard
[  2913.907] (II) event3  - Power Button: device is a keyboard
[  2913.907] (II) event3  - Power Button: device removed
[  2913.907] (**) Option "config_info" "udev:/sys/devices/LNXSYSTM:00/LNXPWRBN:00/input/input3/event3"
[  2913.908] (II) XINPUT: Adding extended input device "Power Button" (type: KEYBOARD, id 6)
[  2913.908] (**) Option "xkb_model" "pc105"
[  2913.908] (**) Option "xkb_layout" "es"
[  2913.908] (**) Option "xkb_variant" "nodeadkeys"
[  2913.933] (II) event3  - Power Button: is tagged by udev as: Keyboard
[  2913.933] (II) event3  - Power Button: device is a keyboard
[  2913.934] (II) config/udev: Adding input device Video Bus (/dev/input/event9)
[  2913.934] (**) Video Bus: Applying InputClass "libinput keyboard catchall"
[  2913.934] (**) Video Bus: Applying InputClass "system-keyboard"
[  2913.934] (II) Using input driver 'libinput' for 'Video Bus'
[  2913.935] (II) systemd-logind: got fd for /dev/input/event9 13:73 fd 23 paused 0
[  2913.935] (**) Video Bus: always reports core events
[  2913.935] (**) Option "Device" "/dev/input/event9"
[  2913.935] (**) Option "_source" "server/udev"
[  2913.935] (II) event9  - Video Bus: is tagged by udev as: Keyboard
[  2913.935] (II) event9  - Video Bus: device is a keyboard
[  2913.935] (II) event9  - Video Bus: device removed
[  2913.936] (**) Option "config_info" "udev:/sys/devices/LNXSYSTM:00/LNXSYBUS:00/PNP0A08:00/LNXVIDEO:00/input/input11/event9"
[  2913.936] (II) XINPUT: Adding extended input device "Video Bus" (type: KEYBOARD, id 7)
[  2913.936] (**) Option "xkb_model" "pc105"
[  2913.936] (**) Option "xkb_layout" "es"
[  2913.936] (**) Option "xkb_variant" "nodeadkeys"
[  2913.936] (II) event9  - Video Bus: is tagged by udev as: Keyboard
[  2913.936] (II) event9  - Video Bus: device is a keyboard
[  2913.937] (II) config/udev: Adding input device Power Button (/dev/input/event0)
[  2913.937] (**) Power Button: Applying InputClass "libinput keyboard catchall"
[  2913.937] (**) Power Button: Applying InputClass "system-keyboard"
[  2913.937] (II) Using input driver 'libinput' for 'Power Button'
[  2913.938] (II) systemd-logind: got fd for /dev/input/event0 13:64 fd 24 paused 0
[  2913.938] (**) Power Button: always reports core events
[  2913.938] (**) Option "Device" "/dev/input/event0"
[  2913.938] (**) Option "_source" "server/udev"
[  2913.938] (II) event0  - Power Button: is tagged by udev as: Keyboard
[  2913.938] (II) event0  - Power Button: device is a keyboard
[  2913.939] (II) event0  - Power Button: device removed
[  2913.939] (**) Option "config_info" "udev:/sys/devices/LNXSYSTM:00/LNXSYBUS:00/PNP0A08:00/device:01/PNP0C0C:00/input/input0/event0"
[  2913.939] (II) XINPUT: Adding extended input device "Power Button" (type: KEYBOARD, id 8)
[  2913.939] (**) Option "xkb_model" "pc105"
[  2913.939] (**) Option "xkb_layout" "es"
[  2913.939] (**) Option "xkb_variant" "nodeadkeys"
[  2913.939] (II) event0  - Power Button: is tagged by udev as: Keyboard
[  2913.939] (II) event0  - Power Button: device is a keyboard
[  2913.940] (II) config/udev: Adding input device Lid Switch (/dev/input/event1)
[  2913.940] (II) No input driver specified, ignoring this device.
[  2913.940] (II) This device may have been added with another device file.
[  2913.940] (II) config/udev: Adding input device Sleep Button (/dev/input/event2)
[  2913.940] (**) Sleep Button: Applying InputClass "libinput keyboard catchall"
[  2913.940] (**) Sleep Button: Applying InputClass "system-keyboard"
[  2913.940] (II) Using input driver 'libinput' for 'Sleep Button'
[  2913.941] (II) systemd-logind: got fd for /dev/input/event2 13:66 fd 25 paused 0
[  2913.941] (**) Sleep Button: always reports core events
[  2913.941] (**) Option "Device" "/dev/input/event2"
[  2913.941] (**) Option "_source" "server/udev"
[  2913.941] (II) event2  - Sleep Button: is tagged by udev as: Keyboard
[  2913.941] (II) event2  - Sleep Button: device is a keyboard
[  2913.941] (II) event2  - Sleep Button: device removed
[  2913.941] (**) Option "config_info" "udev:/sys/devices/LNXSYSTM:00/LNXSYBUS:00/PNP0A08:00/device:01/PNP0C0E:00/input/input2/event2"
[  2913.941] (II) XINPUT: Adding extended input device "Sleep Button" (type: KEYBOARD, id 9)
[  2913.941] (**) Option "xkb_model" "pc105"
[  2913.941] (**) Option "xkb_layout" "es"
[  2913.941] (**) Option "xkb_variant" "nodeadkeys"
[  2913.942] (II) event2  - Sleep Button: is tagged by udev as: Keyboard
[  2913.942] (II) event2  - Sleep Button: device is a keyboard
[  2913.943] (II) config/udev: Adding input device HD WebCam: HD WebCam (/dev/input/event6)
[  2913.943] (**) HD WebCam: HD WebCam: Applying InputClass "libinput keyboard catchall"
[  2913.943] (**) HD WebCam: HD WebCam: Applying InputClass "system-keyboard"
[  2913.943] (II) Using input driver 'libinput' for 'HD WebCam: HD WebCam'
[  2913.943] (II) systemd-logind: got fd for /dev/input/event6 13:70 fd 26 paused 0
[  2913.943] (**) HD WebCam: HD WebCam: always reports core events
[  2913.943] (**) Option "Device" "/dev/input/event6"
[  2913.943] (**) Option "_source" "server/udev"
[  2913.944] (II) event6  - HD WebCam: HD WebCam: is tagged by udev as: Keyboard
[  2913.944] (II) event6  - HD WebCam: HD WebCam: device is a keyboard
[  2913.944] (II) event6  - HD WebCam: HD WebCam: device removed
[  2913.944] (**) Option "config_info" "udev:/sys/devices/pci0000:00/0000:00:1a.0/usb1/1-1/1-1.3/1-1.3:1.0/input/input9/event6"
[  2913.944] (II) XINPUT: Adding extended input device "HD WebCam: HD WebCam" (type: KEYBOARD, id 10)
[  2913.944] (**) Option "xkb_model" "pc105"
[  2913.944] (**) Option "xkb_layout" "es"
[  2913.944] (**) Option "xkb_variant" "nodeadkeys"
[  2913.945] (II) event6  - HD WebCam: HD WebCam: is tagged by udev as: Keyboard
[  2913.945] (II) event6  - HD WebCam: HD WebCam: device is a keyboard
[  2913.945] (II) config/udev: Adding input device HDA Digital PCBeep (/dev/input/event10)
[  2913.945] (II) No input driver specified, ignoring this device.
[  2913.945] (II) This device may have been added with another device file.
[  2913.945] (II) config/udev: Adding input device HDA Intel PCH Mic (/dev/input/event11)
[  2913.945] (II) No input driver specified, ignoring this device.
[  2913.945] (II) This device may have been added with another device file.
[  2913.946] (II) config/udev: Adding input device HDA Intel PCH Headphone (/dev/input/event12)
[  2913.946] (II) No input driver specified, ignoring this device.
[  2913.946] (II) This device may have been added with another device file.
[  2913.946] (II) config/udev: Adding input device HDA Intel PCH HDMI/DP,pcm=3 (/dev/input/event13)
[  2913.946] (II) No input driver specified, ignoring this device.
[  2913.946] (II) This device may have been added with another device file.
[  2913.946] (II) config/udev: Adding input device AT Translated Set 2 keyboard (/dev/input/event4)
[  2913.946] (**) AT Translated Set 2 keyboard: Applying InputClass "libinput keyboard catchall"
[  2913.946] (**) AT Translated Set 2 keyboard: Applying InputClass "system-keyboard"
[  2913.946] (II) Using input driver 'libinput' for 'AT Translated Set 2 keyboard'
[  2913.947] (II) systemd-logind: got fd for /dev/input/event4 13:68 fd 27 paused 0
[  2913.947] (**) AT Translated Set 2 keyboard: always reports core events
[  2913.947] (**) Option "Device" "/dev/input/event4"
[  2913.947] (**) Option "_source" "server/udev"
[  2913.948] (II) event4  - AT Translated Set 2 keyboard: is tagged by udev as: Keyboard
[  2913.948] (II) event4  - AT Translated Set 2 keyboard: device is a keyboard
[  2913.948] (II) event4  - AT Translated Set 2 keyboard: device removed
[  2913.948] (**) Option "config_info" "udev:/sys/devices/platform/i8042/serio0/input/input4/event4"
[  2913.948] (II) XINPUT: Adding extended input device "AT Translated Set 2 keyboard" (type: KEYBOARD, id 11)
[  2913.948] (**) Option "xkb_model" "pc105"
[  2913.948] (**) Option "xkb_layout" "es"
[  2913.948] (**) Option "xkb_variant" "nodeadkeys"
[  2913.949] (II) event4  - AT Translated Set 2 keyboard: is tagged by udev as: Keyboard
[  2913.949] (II) event4  - AT Translated Set 2 keyboard: device is a keyboard
[  2913.949] (II) config/udev: Adding input device ETPS/2 Elantech Touchpad (/dev/input/event7)
[  2913.949] (**) ETPS/2 Elantech Touchpad: Applying InputClass "libinput touchpad catchall"
[  2913.949] (**) ETPS/2 Elantech Touchpad: Applying InputClass "touchpad catchall"
[  2913.949] (**) ETPS/2 Elantech Touchpad: Applying InputClass "Default clickpad buttons"
[  2913.949] (II) LoadModule: "synaptics"
[  2913.950] (II) Loading /usr/lib/xorg/modules/input/synaptics_drv.so
[  2913.950] (II) Module synaptics: vendor="X.Org Foundation"
[  2913.950] 	compiled for 1.19.0, module version = 1.9.0
[  2913.950] 	Module class: X.Org XInput Driver
[  2913.950] 	ABI class: X.Org XInput driver, version 24.1
[  2913.950] (II) Using input driver 'synaptics' for 'ETPS/2 Elantech Touchpad'
[  2913.950] (II) systemd-logind: got fd for /dev/input/event7 13:71 fd 28 paused 0
[  2913.951] (**) ETPS/2 Elantech Touchpad: always reports core events
[  2913.951] (**) Option "Device" "/dev/input/event7"
[  2913.951] (II) synaptics: ETPS/2 Elantech Touchpad: ignoring touch events for semi-multitouch device
[  2913.951] (--) synaptics: ETPS/2 Elantech Touchpad: x-axis range 0 - 2728 (res 31)
[  2913.951] (--) synaptics: ETPS/2 Elantech Touchpad: y-axis range 0 - 1116 (res 31)
[  2913.951] (--) synaptics: ETPS/2 Elantech Touchpad: pressure range 0 - 255
[  2913.951] (--) synaptics: ETPS/2 Elantech Touchpad: finger width range 0 - 15
[  2913.951] (--) synaptics: ETPS/2 Elantech Touchpad: buttons: left right double triple
[  2913.951] (--) synaptics: ETPS/2 Elantech Touchpad: Vendor 0x2 Product 0xe
[  2913.951] (--) synaptics: ETPS/2 Elantech Touchpad: touchpad found
[  2913.951] (**) ETPS/2 Elantech Touchpad: always reports core events
[  2913.951] (**) Option "config_info" "udev:/sys/devices/platform/i8042/serio1/input/input7/event7"
[  2913.951] (II) XINPUT: Adding extended input device "ETPS/2 Elantech Touchpad" (type: TOUCHPAD, id 12)
[  2913.951] (**) synaptics: ETPS/2 Elantech Touchpad: (accel) MinSpeed is now constant deceleration 2.5
[  2913.951] (**) synaptics: ETPS/2 Elantech Touchpad: (accel) MaxSpeed is now 1.75
[  2913.951] (**) synaptics: ETPS/2 Elantech Touchpad: (accel) AccelFactor is now 0.068
[  2913.951] (**) ETPS/2 Elantech Touchpad: (accel) keeping acceleration scheme 1
[  2913.951] (**) ETPS/2 Elantech Touchpad: (accel) acceleration profile 1
[  2913.951] (**) ETPS/2 Elantech Touchpad: (accel) acceleration factor: 2.000
[  2913.951] (**) ETPS/2 Elantech Touchpad: (accel) acceleration threshold: 4
[  2913.951] (--) synaptics: ETPS/2 Elantech Touchpad: touchpad found
[  2913.952] (II) config/udev: Adding input device ETPS/2 Elantech Touchpad (/dev/input/mouse0)
[  2913.952] (**) ETPS/2 Elantech Touchpad: Ignoring device from InputClass "touchpad ignore duplicates"
[  2913.953] (II) config/udev: Adding input device PC Speaker (/dev/input/event5)
[  2913.953] (II) No input driver specified, ignoring this device.
[  2913.953] (II) This device may have been added with another device file.
[  2913.953] (II) config/udev: Adding input device Acer WMI hotkeys (/dev/input/event8)
[  2913.953] (**) Acer WMI hotkeys: Applying InputClass "libinput keyboard catchall"
[  2913.953] (**) Acer WMI hotkeys: Applying InputClass "system-keyboard"
[  2913.953] (II) Using input driver 'libinput' for 'Acer WMI hotkeys'
[  2913.954] (II) systemd-logind: got fd for /dev/input/event8 13:72 fd 29 paused 0
[  2913.954] (**) Acer WMI hotkeys: always reports core events
[  2913.954] (**) Option "Device" "/dev/input/event8"
[  2913.954] (**) Option "_source" "server/udev"
[  2913.955] (II) event8  - Acer WMI hotkeys: is tagged by udev as: Keyboard
[  2913.955] (II) event8  - Acer WMI hotkeys: device is a keyboard
[  2913.955] (II) event8  - Acer WMI hotkeys: device removed
[  2913.955] (**) Option "config_info" "udev:/sys/devices/virtual/input/input10/event8"
[  2913.955] (II) XINPUT: Adding extended input device "Acer WMI hotkeys" (type: KEYBOARD, id 13)
[  2913.955] (**) Option "xkb_model" "pc105"
[  2913.955] (**) Option "xkb_layout" "es"
[  2913.955] (**) Option "xkb_variant" "nodeadkeys"
[  2913.955] (II) event8  - Acer WMI hotkeys: is tagged by udev as: Keyboard
[  2913.955] (II) event8  - Acer WMI hotkeys: device is a keyboard
[  2941.314] (**) Option "fd" "20"
[  2941.314] (II) event3  - Power Button: device removed
[  2941.314] (**) Option "fd" "23"
[  2941.314] (II) event9  - Video Bus: device removed
[  2941.314] (**) Option "fd" "24"
[  2941.314] (II) event0  - Power Button: device removed
[  2941.315] (**) Option "fd" "25"
[  2941.315] (II) event2  - Sleep Button: device removed
[  2941.315] (**) Option "fd" "26"
[  2941.315] (II) event6  - HD WebCam: HD WebCam: device removed
[  2941.315] (**) Option "fd" "27"
[  2941.315] (II) event4  - AT Translated Set 2 keyboard: device removed
[  2941.315] (**) Option "fd" "29"
[  2941.315] (II) event8  - Acer WMI hotkeys: device removed
[  2941.316] (II) UnloadModule: "libinput"
[  2941.316] (II) systemd-logind: releasing fd for 13:72
[  2941.340] (II) UnloadModule: "synaptics"
[  2941.340] (II) systemd-logind: releasing fd for 13:71
[  2941.366] (II) UnloadModule: "libinput"
[  2941.366] (II) systemd-logind: releasing fd for 13:68
[  2941.382] (II) UnloadModule: "libinput"
[  2941.382] (II) systemd-logind: releasing fd for 13:70
[  2941.410] (II) UnloadModule: "libinput"
[  2941.410] (II) systemd-logind: releasing fd for 13:66
[  2941.423] (II) UnloadModule: "libinput"
[  2941.423] (II) systemd-logind: releasing fd for 13:64
[  2941.431] (II) UnloadModule: "libinput"
[  2941.431] (II) systemd-logind: releasing fd for 13:73
[  2941.451] (II) UnloadModule: "libinput"
[  2941.451] (II) systemd-logind: releasing fd for 13:67
[  2942.275] (II) Server terminated successfully (0). Closing log file.
