[2018-04-02 23:13:29.934] [exthost1] [info] extension host started
[2018-04-02 23:13:29.963] [exthost1] [info] ExtensionService#_doActivateExtension vscode.emmet {"startup":true,"activationEvent":"*"}
[2018-04-02 23:13:29.963] [exthost1] [info] ExtensionService#loadCommonJSModule /opt/visual-studio-code/resources/app/extensions/emmet/out/extension
[2018-04-02 23:13:30.119] [exthost1] [info] ExtensionService#_doActivateExtension vscode.git {"startup":true,"activationEvent":"*"}
[2018-04-02 23:13:30.119] [exthost1] [info] ExtensionService#loadCommonJSModule /opt/visual-studio-code/resources/app/extensions/git/out/main
[2018-04-02 23:13:30.804] [exthost1] [info] ExtensionService#_doActivateExtension vscode.merge-conflict {"startup":true,"activationEvent":"*"}
[2018-04-02 23:13:30.804] [exthost1] [info] ExtensionService#loadCommonJSModule /opt/visual-studio-code/resources/app/extensions/merge-conflict/out/extension
[2018-04-02 23:13:30.942] [exthost1] [info] eager extensions activated
[2018-04-02 23:14:37.912] [exthost1] [info] ExtensionService#_doActivateExtension vscode.configuration-editing {"startup":false,"activationEvent":"onLanguage:jsonc"}
[2018-04-02 23:14:37.912] [exthost1] [info] ExtensionService#loadCommonJSModule /opt/visual-studio-code/resources/app/extensions/configuration-editing/out/extension
[2018-04-02 23:14:38.279] [exthost1] [info] ExtensionService#_doActivateExtension vscode.json {"startup":false,"activationEvent":"onLanguage:jsonc"}
[2018-04-02 23:14:38.279] [exthost1] [info] ExtensionService#loadCommonJSModule /opt/visual-studio-code/resources/app/extensions/json/client/out/jsonMain
[2018-04-02 23:15:11.518] [exthost1] [info] extension host started
[2018-04-02 23:15:11.562] [exthost1] [info] ExtensionService#_doActivateExtension vscode.emmet {"startup":true,"activationEvent":"*"}
[2018-04-02 23:15:11.562] [exthost1] [info] ExtensionService#loadCommonJSModule /opt/visual-studio-code/resources/app/extensions/emmet/out/extension
[2018-04-02 23:15:11.691] [exthost1] [info] ExtensionService#_doActivateExtension vscode.git {"startup":true,"activationEvent":"*"}
[2018-04-02 23:15:11.691] [exthost1] [info] ExtensionService#loadCommonJSModule /opt/visual-studio-code/resources/app/extensions/git/out/main
[2018-04-02 23:15:11.922] [exthost1] [info] ExtensionService#_doActivateExtension vscode.merge-conflict {"startup":true,"activationEvent":"*"}
[2018-04-02 23:15:11.922] [exthost1] [info] ExtensionService#loadCommonJSModule /opt/visual-studio-code/resources/app/extensions/merge-conflict/out/extension
[2018-04-02 23:15:11.944] [exthost1] [info] ExtensionService#_doActivateExtension ms-vscode.cpptools {"startup":true,"activationEvent":"*"}
[2018-04-02 23:15:11.944] [exthost1] [info] ExtensionService#loadCommonJSModule /home/blackblex/.vscode/extensions/ms-vscode.cpptools-0.16.1/out/src/main
[2018-04-02 23:15:12.227] [exthost1] [info] eager extensions activated
[2018-04-02 23:15:12.259] [exthost1] [info] ExtensionService#_doActivateExtension austin.code-gnu-global {"startup":false,"activationEvent":"onLanguage:c"}
[2018-04-02 23:15:12.259] [exthost1] [info] ExtensionService#loadCommonJSModule /home/blackblex/.vscode/extensions/austin.code-gnu-global-0.2.2/out/src/extension
[2018-04-02 23:15:17.916] [exthost1] [info] ExtensionService#_doActivateExtension vscode.html {"startup":false,"activationEvent":"onLanguage:html"}
[2018-04-02 23:15:17.916] [exthost1] [info] ExtensionService#loadCommonJSModule /opt/visual-studio-code/resources/app/extensions/html/client/out/htmlMain
[2018-04-02 23:15:31.085] [exthost1] [info] ExtensionService#_doActivateExtension vscode.configuration-editing {"startup":false,"activationEvent":"onLanguage:jsonc"}
[2018-04-02 23:15:31.085] [exthost1] [info] ExtensionService#loadCommonJSModule /opt/visual-studio-code/resources/app/extensions/configuration-editing/out/extension
[2018-04-02 23:15:31.105] [exthost1] [info] ExtensionService#_doActivateExtension vscode.json {"startup":false,"activationEvent":"onLanguage:jsonc"}
[2018-04-02 23:15:31.105] [exthost1] [info] ExtensionService#loadCommonJSModule /opt/visual-studio-code/resources/app/extensions/json/client/out/jsonMain
